<?xml version="1.0" encoding="UTF-8"?>
<testsuite xmlns:xsi="http://www.w3.org/2001/XMLSchema-instance" xsi:noNamespaceSchemaLocation="https://maven.apache.org/surefire/maven-surefire-plugin/xsd/surefire-test-report-3.0.xsd" version="3.0" name="TestSuite" time="18.393" tests="1" errors="0" skipped="0" failures="0">
  <properties>
[...]
</properties>
  <testcase name="loginTest" classname="com.ebanking.testCases.TCLogin" time="4.675">
    <system-err><![CDATA[Starting ChromeDriver 102.0.5005.61 (0e59bcc00cc4985ce39ad31c150065f159d95ad3-refs/branch-heads/5005@{#819}) on port 53511
Only local connections are allowed.
Please see https://chromedriver.chromium.org/security-considerations for suggestions on keeping ChromeDriver safe.
ChromeDriver was started successfully.
Jun 07, 2022 1:27:23 AM org.openqa.selenium.remote.ProtocolHandshake createSession
INFO: Detected dialect: W3C
Jun 07, 2022 1:27:23 AM org.openqa.selenium.devtools.CdpVersionFinder findNearestMatch
WARNING: Unable to find an exact match for CDP version 102, so returning the closest version found: 101
Jun 07, 2022 1:27:23 AM org.openqa.selenium.devtools.CdpVersionFinder findNearestMatch
INFO: Found CDP implementation for version 102 of 101
1654545443213	geckodriver	INFO	Listening on 127.0.0.1:58462
1654545443301	mozrunner::runner	INFO	Running command: "/Applications/Firefox.app/Contents/MacOS/firefox-bin" "--marionette" "--remote-debugging-port" "49736" "--remote-allow-hosts" "localhost" "-foreground" "-no-remote" "-profile" "/var/folders/xk/9n1m23gx2nq_0s3g3c060h3m0000gn/T/rust_mozprofiletnKmax"
1654545443822	Marionette	INFO	Marionette enabled
WebDriver BiDi listening on ws://localhost:49736
2022-06-07 01:27:23.923 plugin-container[91610:2301200] nil host used in call to allowsSpecificHTTPSCertificateForHost
2022-06-07 01:27:23.923 plugin-container[91610:2301200] nil host used in call to allowsAnyHTTPSCertificateForHost:
2022-06-07 01:27:24.019 plugin-container[91610:2301200] nil host used in call to allowsSpecificHTTPSCertificateForHost
2022-06-07 01:27:24.019 plugin-container[91610:2301200] nil host used in call to allowsAnyHTTPSCertificateForHost:
2022-06-07 01:27:24.019 plugin-container[91610:2301198] nil host used in call to allowsSpecificHTTPSCertificateForHost
2022-06-07 01:27:24.019 plugin-container[91610:2301198] nil host used in call to allowsAnyHTTPSCertificateForHost:
console.warn: SearchSettings: "get: No settings file exists, new profile?" (new NotFoundError("Could not open the file at /var/folders/xk/9n1m23gx2nq_0s3g3c060h3m0000gn/T/rust_mozprofiletnKmax/search.json.mozlz4", (void 0)))
console.error: BackgroundUpdate: 
  _reasonsToNotScheduleUpdates: Failed to check for Maintenance Service Registry Key: [Exception... "Component returned failure code: 0x80004001 (NS_ERROR_NOT_IMPLEMENTED) [nsIUpdateProcessor.getServiceRegKeyExists]"  nsresult: "0x80004001 (NS_ERROR_NOT_IMPLEMENTED)"  location: "JS frame :: resource://gre/modules/BackgroundUpdate.jsm :: _reasonsToNotScheduleUpdates :: line 241"  data: no]
1654545444792	Marionette	INFO	Listening on port 61824
DevTools listening on ws://localhost:49736/devtools/browser/942a87a1-4840-487b-9b45-a12a1f9a9b91
Read port: 61824
1654545444867	RemoteAgent	WARN	TLS certificate errors will be ignored for this session
Jun 07, 2022 1:27:24 AM org.openqa.selenium.remote.ProtocolHandshake createSession
INFO: Detected dialect: W3C
Starting Microsoft Edge WebDriver 102.0.1245.33 (41285f1c5672f618820f679d5efba8bafa4828de) on port 64808
To submit feedback, report a bug, or suggest new features, please visit https://github.com/MicrosoftEdge/EdgeWebDriver

Only local connections are allowed.
Please see https://aka.ms/WebDriverSecurity for suggestions on keeping Microsoft Edge WebDriver safe.

Microsoft Edge WebDriver was started successfully.
Jun 07, 2022 1:27:29 AM org.openqa.selenium.remote.ProtocolHandshake createSession
INFO: Detected dialect: W3C
Jun 07, 2022 1:27:29 AM org.openqa.selenium.devtools.CdpVersionFinder findNearestMatch
WARNING: Unable to find an exact match for CDP version 102, so returning the closest version found: 101
Jun 07, 2022 1:27:29 AM org.openqa.selenium.devtools.CdpVersionFinder findNearestMatch
INFO: Found CDP implementation for version 102 of 101
log4j:WARN No appenders could be found for logger (e-banking).
log4j:WARN Please initialize the log4j system properly.
log4j:WARN See http://logging.apache.org/log4j/1.2/faq.html#noconfig for more info.
]]></system-err>
  </testcase>
</testsuite>