<?xml version="1.0" encoding="UTF-8"?>
<testng-results ignored="0" total="1" passed="1" failed="0" skipped="0">
  <reporter-output>
  </reporter-output>
  <suite started-at="2022-06-07T01:27:20 IST" name="E-Banking" finished-at="2022-06-07T01:27:38 IST" duration-ms="18056">
    <groups>
    </groups>
    <test started-at="2022-06-07T01:27:20 IST" name="Banking App test" finished-at="2022-06-07T01:27:38 IST" duration-ms="18056">
      <class name="com.ebanking.testCases.TCLogin">
        <test-method is-config="true" signature="setup(java.lang.String)[pri:0, instance:com.ebanking.testCases.TCLogin@5c909414]" started-at="2022-06-07T01:27:20 IST" name="setup" finished-at="2022-06-07T01:27:33 IST" duration-ms="13047" status="PASS">
          <params>
            <param index="0">
              <value>
                <![CDATA[chrome]]>
              </value>
            </param>
          </params>
          <reporter-output>
          </reporter-output>
        </test-method> <!-- setup -->
        <test-method signature="loginTest()[pri:0, instance:com.ebanking.testCases.TCLogin@5c909414]" started-at="2022-06-07T01:27:33 IST" name="loginTest" finished-at="2022-06-07T01:27:38 IST" duration-ms="4654" status="PASS">
          <reporter-output>
          </reporter-output>
        </test-method> <!-- loginTest -->
        <test-method is-config="true" signature="tearDown()[pri:0, instance:com.ebanking.testCases.TCLogin@5c909414]" started-at="2022-06-07T01:27:38 IST" name="tearDown" finished-at="2022-06-07T01:27:38 IST" duration-ms="187" status="PASS">
          <reporter-output>
          </reporter-output>
        </test-method> <!-- tearDown -->
      </class> <!-- com.ebanking.testCases.TCLogin -->
    </test> <!-- Banking App test -->
  </suite> <!-- E-Banking -->
</testng-results>
