<?xml version="1.0" encoding="UTF-8"?>
<testng-results ignored="0" total="1" passed="1" failed="0" skipped="0">
  <reporter-output>
  </reporter-output>
  <suite started-at="2022-06-01T22:25:11 IST" name="Default suite" finished-at="2022-06-01T22:25:24 IST" duration-ms="13304">
    <groups>
    </groups>
    <test started-at="2022-06-01T22:25:11 IST" name="Default test" finished-at="2022-06-01T22:25:24 IST" duration-ms="13304">
      <class name="com.ebanking.testCases.TCLogin">
        <test-method is-config="true" signature="setup()[pri:0, instance:com.ebanking.testCases.TCLogin@1e6a3214]" started-at="2022-06-01T22:25:11 IST" name="setup" finished-at="2022-06-01T22:25:16 IST" duration-ms="5171" status="PASS">
          <reporter-output>
          </reporter-output>
        </test-method> <!-- setup -->
        <test-method signature="loginTest()[pri:0, instance:com.ebanking.testCases.TCLogin@1e6a3214]" started-at="2022-06-01T22:25:16 IST" name="loginTest" finished-at="2022-06-01T22:25:24 IST" duration-ms="7982" status="PASS">
          <reporter-output>
          </reporter-output>
        </test-method> <!-- loginTest -->
        <test-method is-config="true" signature="tearDown()[pri:0, instance:com.ebanking.testCases.TCLogin@1e6a3214]" started-at="2022-06-01T22:25:24 IST" name="tearDown" finished-at="2022-06-01T22:25:24 IST" duration-ms="111" status="PASS">
          <reporter-output>
          </reporter-output>
        </test-method> <!-- tearDown -->
      </class> <!-- com.ebanking.testCases.TCLogin -->
    </test> <!-- Default test -->
  </suite> <!-- Default suite -->
</testng-results>
